\BOOKMARK [1][-]{section.1}{\376\377\000D\000s}{}% 1
\BOOKMARK [2][-]{subsection.1.1}{\376\377\000H\000L\000D}{section.1}% 2
\BOOKMARK [2][-]{subsection.1.2}{\376\377\000L\000C\000A}{section.1}% 3
\BOOKMARK [2][-]{subsection.1.3}{\376\377\000L\000C\000A\000R\000M\000Q}{section.1}% 4
\BOOKMARK [2][-]{subsection.1.4}{\376\377\000L\000C\000A\000\137\000H\000L\000D}{section.1}% 5
\BOOKMARK [2][-]{subsection.1.5}{\376\377\000M\000i\000l\000l\000e\000r\000\137\000R\000o\000b\000i\000n}{section.1}% 6
\BOOKMARK [2][-]{subsection.1.6}{\376\377\000d\000i\000v\000i\000d\000e\000\137\000C\000D\000Q}{section.1}% 7
\BOOKMARK [2][-]{subsection.1.7}{\376\377\000d\000i\000v\000i\000d\000e\000\137\000d\000o\000t}{section.1}% 8
\BOOKMARK [2][-]{subsection.1.8}{\376\377\000d\000s\000u}{section.1}% 9
\BOOKMARK [2][-]{subsection.1.9}{\376\377\000d\000s\000u\000\137\000d\000e\000l}{section.1}% 10
\BOOKMARK [2][-]{subsection.1.10}{\376\377\000d\000s\000u\000\137\000p\000e\000r}{section.1}% 11
\BOOKMARK [2][-]{subsection.1.11}{\376\377\000f\000a\000c\000t\000o\000r\000i\000z\000e\000\137\000i\0006\0004}{section.1}% 12
\BOOKMARK [2][-]{subsection.1.12}{\376\377\000f\000e\000n\000w\000i\000c\000k}{section.1}% 13
\BOOKMARK [2][-]{subsection.1.13}{\376\377\000h\000a\000s\000h\000t\000r\000e\000e}{section.1}% 14
\BOOKMARK [2][-]{subsection.1.14}{\376\377\000h\000a\000s\000h\000t\000r\000e\000e\000\137\000R\000T}{section.1}% 15
\BOOKMARK [2][-]{subsection.1.15}{\376\377\000k\000\137\000a\000n\000c\000e\000s\000t\000o\000r\000\137\000O\000\050\0001\000\051}{section.1}% 16
\BOOKMARK [2][-]{subsection.1.16}{\376\377\000s\000e\000g\000t\000r\000e\000e}{section.1}% 17
\BOOKMARK [2][-]{subsection.1.17}{\376\377\000s\000e\000g\000t\000r\000e\000e\000\137\000p\000s}{section.1}% 18
\BOOKMARK [2][-]{subsection.1.18}{\376\377\000s\000e\000g\000t\000r\000e\000e\000l\000a\000z\000y\0000\000b\000a\000s\000e}{section.1}% 19
\BOOKMARK [2][-]{subsection.1.19}{\376\377\000s\000e\000g\000t\000r\000e\000e\000l\000a\000z\000y\0001\000b\000a\000s\000e}{section.1}% 20
\BOOKMARK [2][-]{subsection.1.20}{\376\377\000s\000e\000g\000t\000r\000e\000e\000l\000a\000z\000y\000\137\000x\000k\000m}{section.1}% 21
\BOOKMARK [2][-]{subsection.1.21}{\376\377\000s\000t}{section.1}% 22
\BOOKMARK [2][-]{subsection.1.22}{\376\377\000s\000t\000\137\000o\000\050\000n\000\051}{section.1}% 23
\BOOKMARK [2][-]{subsection.1.23}{\376\377\000t\000r\000e\000e\000\137\000v\000i\000r\000t\000u\000a\000l}{section.1}% 24
\BOOKMARK [2][-]{subsection.1.24}{\376\377\000t\000r\000i\000e\000\137\000p\000e\000r}{section.1}% 25
\BOOKMARK [2][-]{subsection.1.25}{\376\377\000t\000w\000o\000h\000e\000a\000p}{section.1}% 26
\BOOKMARK [2][-]{subsection.1.26}{\376\377\000t\000w\000o\000h\000e\000a\000p\000l\000a\000z\000y}{section.1}% 27
\BOOKMARK [2][-]{subsection.1.27}{\376\377\173\033\123\141\134\024\150\021}{section.1}% 28
\BOOKMARK [1][-]{section.2}{\376\377\000G\000r\000a\000p\000h}{}% 29
\BOOKMARK [2][-]{subsection.2.1}{\376\377\0002\000-\000s\000a\000t}{section.2}% 30
\BOOKMARK [2][-]{subsection.2.2}{\376\377\000d\000f\000s\122\044\163\257\166\204\121\167\117\123\215\357\137\204}{section.2}% 31
\BOOKMARK [2][-]{subsection.2.3}{\376\377\123\010\162\131\122\051}{section.2}% 32
\BOOKMARK [2][-]{subsection.2.4}{\376\377\145\340\124\021\126\376\122\044\163\257}{section.2}% 33
\BOOKMARK [2][-]{subsection.2.5}{\376\377\147\000\167\355\215\357\000\137\217\352\147\160\145\257\162\171\142\311}{section.2}% 34
\BOOKMARK [2][-]{subsection.2.6}{\376\377\147\011\124\021\126\376\122\044\163\257}{section.2}% 35
\BOOKMARK [1][-]{section.3}{\376\377\000M\000a\000t\000h}{}% 36
\BOOKMARK [2][-]{subsection.3.1}{\376\377\000F\000r\000a\000c}{section.3}% 37
\BOOKMARK [2][-]{subsection.3.2}{\376\377\000G\000a\000u\000s\000s}{section.3}% 38
\BOOKMARK [2][-]{subsection.3.3}{\376\377\000G\000a\000u\000s\000s\000\137\000m\000a\000t\000r\000i\000x}{section.3}% 39
\BOOKMARK [2][-]{subsection.3.4}{\376\377\000G\000a\000u\000s\000s\000\137\000m\000o\000d}{section.3}% 40
\BOOKMARK [2][-]{subsection.3.5}{\376\377\000G\000a\000u\000s\000s\000\137\000x\000o\000r}{section.3}% 41
\BOOKMARK [2][-]{subsection.3.6}{\376\377\000G\000a\000u\000s\000s\000\137\000x\000o\000r\000\137\000b\000i\000t\000s\000e\000t}{section.3}% 42
\BOOKMARK [2][-]{subsection.3.7}{\376\377\000G\000a\000u\000s\000s\000\137\000x\000o\000r\000\137\000m\000a\000t\000r\000i\000x}{section.3}% 43
\BOOKMARK [2][-]{subsection.3.8}{\376\377\000M\000i\000l\000l\000e\000r\000\137\000R\000o\000b\000i\000n}{section.3}% 44
\BOOKMARK [2][-]{subsection.3.9}{\376\377\000b\000i\000g\000i\000n\000t}{section.3}% 45
\BOOKMARK [2][-]{subsection.3.10}{\376\377\000c\000o\000m\000b}{section.3}% 46
\BOOKMARK [2][-]{subsection.3.11}{\376\377\000c\000o\000m\000b\000\137\000Z}{section.3}% 47
\BOOKMARK [2][-]{subsection.3.12}{\376\377\000d\000e\000t}{section.3}% 48
\BOOKMARK [2][-]{subsection.3.13}{\376\377\000i\000n\000t\0001\0002\0008}{section.3}% 49
\BOOKMARK [2][-]{subsection.3.14}{\376\377\000l\000i\000n\000e\000r\000b\000a\000s\000i\000s}{section.3}% 50
\BOOKMARK [2][-]{subsection.3.15}{\376\377\000m\000a\000t\000r\000i\000x}{section.3}% 51
\BOOKMARK [2][-]{subsection.3.16}{\376\377\000m\000a\000t\000r\000i\000x\000\137\000t\000r\000e\000e}{section.3}% 52
\BOOKMARK [2][-]{subsection.3.17}{\376\377\000m\000o\000d\000i\000n\000t}{section.3}% 53
\BOOKMARK [2][-]{subsection.3.18}{\376\377\000m\000o\000d\000l\000l}{section.3}% 54
\BOOKMARK [2][-]{subsection.3.19}{\376\377\000p\000r\000e\000\137\000l\000i\000n\000e\000r\000b\000a\000s\000i\000s}{section.3}% 55
\BOOKMARK [2][-]{subsection.3.20}{\376\377\000p\000r\000e\000l\000i\000n\000e\000r\000b\000a\000s\000i\000s\000\137\000t\000r\000e\000e}{section.3}% 56
\BOOKMARK [2][-]{subsection.3.21}{\376\377\000s\000i\000m\000p\000s\000o\000n}{section.3}% 57
\BOOKMARK [1][-]{section.4}{\376\377\000M\000i\000s\000c}{}% 58
\BOOKMARK [2][-]{subsection.4.1}{\376\377\127\120\150\007\217\154\143\142}{section.4}% 59
\BOOKMARK [2][-]{subsection.4.2}{\376\377\134\017\145\160\117\335\165\131\225\356\230\230}{section.4}% 60
\BOOKMARK [2][-]{subsection.4.3}{\376\377\145\345\147\037\225\356\230\230}{section.4}% 61
\BOOKMARK [2][-]{subsection.4.4}{\376\377\210\150\217\276\137\017\154\102\120\074}{section.4}% 62
\BOOKMARK [2][-]{subsection.4.5}{\376\377\233\124\145\271}{section.4}% 63
\BOOKMARK [1][-]{section.5}{\376\377\000S\000T\000L}{}% 64
\BOOKMARK [2][-]{subsection.5.1}{\376\377\000\137\000\137\000i\000n\000t\0001\0002\0008\000\137\000R\000W}{section.5}% 65
\BOOKMARK [2][-]{subsection.5.2}{\376\377\000\137\000\137\000i\000n\000t\0001\0002\0008\000\137\000g\000c\000d}{section.5}% 66
\BOOKMARK [2][-]{subsection.5.3}{\376\377\000\137\000\137\000i\000n\000t\0001\0002\0008\000\137\000i\000o\000s\000t\000r\000e\000a\000m}{section.5}% 67
\BOOKMARK [2][-]{subsection.5.4}{\376\377\000c\000h\000m\000a\000x}{section.5}% 68
\BOOKMARK [2][-]{subsection.5.5}{\376\377\000c\000u\000s\000t\000o\000m\000\137\000h\000a\000s\000h}{section.5}% 69
\BOOKMARK [2][-]{subsection.5.6}{\376\377\000d\000i\000v}{section.5}% 70
\BOOKMARK [2][-]{subsection.5.7}{\376\377\000p\000a\000i\000r\000\137\000h\000a\000s\000h}{section.5}% 71
\BOOKMARK [2][-]{subsection.5.8}{\376\377\000s\000q\000r\000t}{section.5}% 72
\BOOKMARK [1][-]{section.6}{\376\377\000S\000t\000r\000i\000n\000g}{}% 73
\BOOKMARK [2][-]{subsection.6.1}{\376\377\000A\000C}{section.6}% 74
\BOOKMARK [2][-]{subsection.6.2}{\376\377\000E\000X\000K\000M\000P}{section.6}% 75
\BOOKMARK [2][-]{subsection.6.3}{\376\377\000H\000a\000s\000h}{section.6}% 76
\BOOKMARK [2][-]{subsection.6.4}{\376\377\000K\000M\000P}{section.6}% 77
\BOOKMARK [2][-]{subsection.6.5}{\376\377\000M\000I\000N\000S\000H\000O\000W}{section.6}% 78
\BOOKMARK [2][-]{subsection.6.6}{\376\377\000M\000a\000n\000a\000c\000h\000e\000r}{section.6}% 79
\BOOKMARK [2][-]{subsection.6.7}{\376\377\000P\000A\000M}{section.6}% 80
\BOOKMARK [2][-]{subsection.6.8}{\376\377\000S\000A}{section.6}% 81
\BOOKMARK [2][-]{subsection.6.9}{\376\377\000S\000A\000M}{section.6}% 82
\BOOKMARK [2][-]{subsection.6.10}{\376\377\000T\000r\000i\000e\000\137\0000\0001}{section.6}% 83
\BOOKMARK [2][-]{subsection.6.11}{\376\377\000T\000r\000i\000e\000\137\000p\000e\000r}{section.6}% 84
\BOOKMARK [2][-]{subsection.6.12}{\376\377\000T\000r\000i\000e\000\137\000s\000t\000r\000i\000n\000g}{section.6}% 85
\BOOKMARK [1][-]{section.7}{\376\377\000g\000e\000o\000m}{}% 86
\BOOKMARK [2][-]{subsection.7.1}{\376\377\000d\000l\000s}{section.7}% 87
\BOOKMARK [2][-]{subsection.7.2}{\376\377\136\163\227\142\147\000\217\321\160\271\133\371\000\137\122\006\154\273}{section.7}% 88
\BOOKMARK [1][-]{section.8}{\376\377\000o\000t\000h\000e\000r}{}% 89
\BOOKMARK [2][-]{subsection.8.1}{\376\377\000C\000o\000m\000p\000i\000l\000e\000\137\000c\000m\000d}{section.8}% 90
\BOOKMARK [2][-]{subsection.8.2}{\376\377\000d\000e\000b\000u\000g}{section.8}% 91
\BOOKMARK [2][-]{subsection.8.3}{\376\377\000d\000u\000i\000p\000a\000i\000\137\000l\000i\000n\000u\000x}{section.8}% 92
\BOOKMARK [2][-]{subsection.8.4}{\376\377\000d\000u\000i\000p\000a\000i\000\137\000w\000i\000n}{section.8}% 93
\BOOKMARK [2][-]{subsection.8.5}{\376\377\000g\000d\000b\000c\000m\000d}{section.8}% 94
\BOOKMARK [2][-]{subsection.8.6}{\376\377\000g\000e\000n\000\137\000d\000a\000t\000a}{section.8}% 95
\BOOKMARK [2][-]{subsection.8.7}{\376\377\000r\000a\000n\000d\000o\000m\000\137\000r\000e\000a\000l\000\137\000p\000r\000i\000m\000e}{section.8}% 96
\BOOKMARK [2][-]{subsection.8.8}{\376\377\000t\000e\000m\000p\000l\000a\000t\000e}{section.8}% 97
\BOOKMARK [2][-]{subsection.8.9}{\376\377\000t\000e\000m\000p\000l\000a\000t\000e\000\137\000r\000e\000g\000i\000o\000n}{section.8}% 98
\BOOKMARK [2][-]{subsection.8.10}{\376\377\000t\000e\000s\000t\000\137\000g\000+\000+}{section.8}% 99
\BOOKMARK [2][-]{subsection.8.11}{\376\377\000t\000e\000s\000t\000\137\000s\000p\000e\000e\000d}{section.8}% 100
\BOOKMARK [2][-]{subsection.8.12}{\376\377\000t\000e\000s\000t\000s\000t\000a\000c\000k}{section.8}% 101
